make --dry-run --always-make --keep-going --print-directory
make: Entering directory '/home/paco/minishell'
mkdir -p build
mkdir -p build/parser
mkdir -p build/builtins
mkdir -p build/executor
mkdir -p build/env
mkdir -p build/utils
gcc -g -Iincludes -c src/main.c -o build/main.o
mkdir -p build
mkdir -p build/parser
mkdir -p build/builtins
mkdir -p build/executor
mkdir -p build/env
mkdir -p build/utils
gcc -g -Iincludes -c src/test_fork.c -o build/test_fork.o
mkdir -p build
mkdir -p build/parser
mkdir -p build/builtins
mkdir -p build/executor
mkdir -p build/env
mkdir -p build/utils
gcc -g -Iincludes -c src/test_readline.c -o build/test_readline.o
mkdir -p build
mkdir -p build/parser
mkdir -p build/builtins
mkdir -p build/executor
mkdir -p build/env
mkdir -p build/utils
gcc -g -Iincludes -c src/parser/parser.c -o build/parser/parser.o
mkdir -p build
mkdir -p build/parser
mkdir -p build/builtins
mkdir -p build/executor
mkdir -p build/env
mkdir -p build/utils
gcc -g -Iincludes -c src/parser/path_parser.c -o build/parser/path_parser.o
mkdir -p build
mkdir -p build/parser
mkdir -p build/builtins
mkdir -p build/executor
mkdir -p build/env
mkdir -p build/utils
gcc -g -Iincludes -c src/parser/env_parser.c -o build/parser/env_parser.o
mkdir -p build
mkdir -p build/parser
mkdir -p build/builtins
mkdir -p build/executor
mkdir -p build/env
mkdir -p build/utils
gcc -g -Iincludes -c src/parser/redir_parser.c -o build/parser/redir_parser.o
mkdir -p build
mkdir -p build/parser
mkdir -p build/builtins
mkdir -p build/executor
mkdir -p build/env
mkdir -p build/utils
gcc -g -Iincludes -c src/parser/cmd_parser.c -o build/parser/cmd_parser.o
mkdir -p build
mkdir -p build/parser
mkdir -p build/builtins
mkdir -p build/executor
mkdir -p build/env
mkdir -p build/utils
gcc -g -Iincludes -c src/builtins/echo.c -o build/builtins/echo.o
mkdir -p build
mkdir -p build/parser
mkdir -p build/builtins
mkdir -p build/executor
mkdir -p build/env
mkdir -p build/utils
gcc -g -Iincludes -c src/builtins/cd.c -o build/builtins/cd.o
mkdir -p build
mkdir -p build/parser
mkdir -p build/builtins
mkdir -p build/executor
mkdir -p build/env
mkdir -p build/utils
gcc -g -Iincludes -c src/builtins/pwd.c -o build/builtins/pwd.o
mkdir -p build
mkdir -p build/parser
mkdir -p build/builtins
mkdir -p build/executor
mkdir -p build/env
mkdir -p build/utils
gcc -g -Iincludes -c src/builtins/env.c -o build/builtins/env.o
mkdir -p build
mkdir -p build/parser
mkdir -p build/builtins
mkdir -p build/executor
mkdir -p build/env
mkdir -p build/utils
gcc -g -Iincludes -c src/builtins/exit.c -o build/builtins/exit.o
mkdir -p build
mkdir -p build/parser
mkdir -p build/builtins
mkdir -p build/executor
mkdir -p build/env
mkdir -p build/utils
gcc -g -Iincludes -c src/builtins/export.c -o build/builtins/export.o
mkdir -p build
mkdir -p build/parser
mkdir -p build/builtins
mkdir -p build/executor
mkdir -p build/env
mkdir -p build/utils
gcc -g -Iincludes -c src/builtins/unset.c -o build/builtins/unset.o
mkdir -p build
mkdir -p build/parser
mkdir -p build/builtins
mkdir -p build/executor
mkdir -p build/env
mkdir -p build/utils
gcc -g -Iincludes -c src/executor/executor.c -o build/executor/executor.o
mkdir -p build
mkdir -p build/parser
mkdir -p build/builtins
mkdir -p build/executor
mkdir -p build/env
mkdir -p build/utils
gcc -g -Iincludes -c src/executor/executables.c -o build/executor/executables.o
mkdir -p build
mkdir -p build/parser
mkdir -p build/builtins
mkdir -p build/executor
mkdir -p build/env
mkdir -p build/utils
gcc -g -Iincludes -c src/executor/pipes.c -o build/executor/pipes.o
mkdir -p build
mkdir -p build/parser
mkdir -p build/builtins
mkdir -p build/executor
mkdir -p build/env
mkdir -p build/utils
gcc -g -Iincludes -c src/executor/pipes_out.c -o build/executor/pipes_out.o
mkdir -p build
mkdir -p build/parser
mkdir -p build/builtins
mkdir -p build/executor
mkdir -p build/env
mkdir -p build/utils
gcc -g -Iincludes -c src/executor/pipes_in.c -o build/executor/pipes_in.o
mkdir -p build
mkdir -p build/parser
mkdir -p build/builtins
mkdir -p build/executor
mkdir -p build/env
mkdir -p build/utils
gcc -g -Iincludes -c src/utils/error.c -o build/utils/error.o
mkdir -p build
mkdir -p build/parser
mkdir -p build/builtins
mkdir -p build/executor
mkdir -p build/env
mkdir -p build/utils
gcc -g -Iincludes -c src/utils/utils.c -o build/utils/utils.o
mkdir -p build
mkdir -p build/parser
mkdir -p build/builtins
mkdir -p build/executor
mkdir -p build/env
mkdir -p build/utils
gcc -g -Iincludes -c src/utils/utils2.c -o build/utils/utils2.o
make -C libs/libft
gcc -g -o minishell build/main.o build/test_fork.o build/test_readline.o build/parser/parser.o build/parser/path_parser.o build/parser/env_parser.o build/parser/redir_parser.o build/parser/cmd_parser.o build/builtins/echo.o build/builtins/cd.o build/builtins/pwd.o build/builtins/env.o build/builtins/exit.o build/builtins/export.o build/builtins/unset.o build/executor/executor.o build/executor/executables.o build/executor/pipes.o build/executor/pipes_out.o build/executor/pipes_in.o build/utils/error.o build/utils/utils.o build/utils/utils2.o libs/libft/libft.a -lreadline
make: Leaving directory '/home/paco/minishell'
 
